2026-04-16 20:19:24 - INFO - 🔒 CIFRADO EXITOSO: /home/r/CryptoGuard/mi_secreto.txt
2026-04-16 20:19:24 - INFO - 🗑️ BORRADO SEGURO: /home/r/CryptoGuard/mi_secreto.txt eliminado permanentemente.
2026-04-16 20:19:58 - ERROR - ❌ ERROR CRÍTICO AL DESCIFRAR /home/r/CryptoGuard/mi_secreto.txt.crypt: [Errno 2] No such file or directory: 'RECUPERADO_/home/r/CryptoGuard/mi_secreto.txt'
2026-04-16 20:27:19 - INFO - 🔓 DESCIFRADO EXITOSO: /home/r/CryptoGuard/mi_secreto.txt.crypt
2026-04-16 20:46:54 - ERROR - ❌ Error al copiar al portapapeles: Pyperclip could not find a copy/paste mechanism for your system. For more information, please visit https://pyperclip.readthedocs.io/en/latest/index.html#not-implemented-error
On Linux, you can run `sudo apt-get install xclip`, `sudo apt-get install xselect` (on X11) or `sudo apt-get install wl-clipboard` (on Wayland) to install a copy/paste mechanism.
2026-04-16 20:47:05 - ERROR - ❌ Error al copiar al portapapeles: Pyperclip could not find a copy/paste mechanism for your system. For more information, please visit https://pyperclip.readthedocs.io/en/latest/index.html#not-implemented-error
On Linux, you can run `sudo apt-get install xclip`, `sudo apt-get install xselect` (on X11) or `sudo apt-get install wl-clipboard` (on Wayland) to install a copy/paste mechanism.
2026-04-16 20:47:39 - ERROR - ❌ Error al copiar al portapapeles: Pyperclip could not find a copy/paste mechanism for your system. For more information, please visit https://pyperclip.readthedocs.io/en/latest/index.html#not-implemented-error
On Linux, you can run `sudo apt-get install xclip`, `sudo apt-get install xselect` (on X11) or `sudo apt-get install wl-clipboard` (on Wayland) to install a copy/paste mechanism.
2026-04-16 21:01:36 - INFO - 🔑 Contraseña generada.
2026-04-16 21:02:19 - INFO - 🔒 CIFRADO EXITOSO: /home/r/CryptoGuard/ojito.txt
2026-04-16 21:02:19 - INFO - 🗑️ BORRADO SEGURO: /home/r/CryptoGuard/ojito.txt eliminado permanentemente.
2026-04-16 21:02:38 - INFO - 🔓 DESCIFRADO EXITOSO: /home/r/CryptoGuard/ojito.txt.crypt
2026-04-16 21:10:49 - INFO - 🔑 Contraseña generada.
2026-04-16 21:11:10 - INFO - 🔒 CIFRADO EXITOSO: /home/r/Secret/banco.txt
2026-04-16 21:11:10 - INFO - 🔒 CIFRADO EXITOSO: /home/r/Secret/captura uno.png
2026-04-16 21:11:10 - INFO - 🔒 CIFRADO EXITOSO: /home/r/Secret/cap.png
2026-04-16 21:11:10 - INFO - 🔒 CIFRADO EXITOSO: /home/r/Secret/amarillo.txt
2026-04-16 21:11:46 - INFO - 🔓 DESCIFRADO EXITOSO: /home/r/Secret/captura uno.png.crypt
2026-04-16 21:14:04 - INFO - 🔑 Contraseña generada.
2026-04-16 21:14:10 - WARNING - ⚠️ INTENTO FALLIDO en: /home/r/Secret/cap.png.crypt
2026-04-16 21:14:21 - WARNING - ⚠️ INTENTO FALLIDO en: /home/r/Secret/cap.png.crypt
2026-04-16 21:30:43 - INFO - 🔑 Contraseña generada.
2026-04-16 21:30:53 - INFO - 🔒 CIFRADO CON INTEGRIDAD: /home/r/CryptoGuard/Secret/Secret.txt
2026-04-16 21:30:53 - INFO - 🗑️ BORRADO SEGURO: /home/r/CryptoGuard/Secret/Secret.txt eliminado permanentemente.
2026-04-16 21:31:14 - WARNING - ⚠️ ¡ALERTA! El archivo ha sido manipulado o clave errónea: /home/r/CryptoGuard/Secret/Secret.txt.crypt
2026-04-17 12:32:45 - INFO - 🔑 Contraseña generada.
2026-04-17 12:34:49 - INFO - 🔒 CIFRADO CON INTEGRIDAD: /home/r/secret.txt
2026-04-17 12:34:49 - INFO - 🗑️ BORRADO SEGURO: /home/r/secret.txt eliminado permanentemente.
2026-04-17 12:35:10 - INFO - 🔓 INTEGRIDAD VERIFICADA Y DESCIFRADO: /home/r/secret.txt.crypt
2026-04-17 12:35:29 - INFO - 🔑 Contraseña generada.
2026-04-17 12:35:34 - WARNING - ⚠️ ¡ALERTA! El archivo ha sido manipulado o clave errónea: /home/r/secret.txt.crypt
2026-04-17 12:46:16 - INFO - 🔑 Contraseña generada.
2026-04-17 12:46:24 - INFO - 🔑 Contraseña generada.
2026-04-17 12:46:25 - INFO - 🔑 Contraseña generada.
2026-04-17 12:46:38 - INFO - 🔑 Contraseña generada.
